0 info it worked if it ends with ok
1 verbose cli [ '/usr/bin/nodejs', '/usr/bin/npm', 'start' ]
2 info using npm@3.5.2
3 info using node@v4.2.6
4 warn invalid config registry="http:"
5 warn invalid config Must be a full url with 'http://'
6 verbose run-script [ 'prestart', 'start', 'poststart' ]
7 info lifecycle portfolio@0.1.0~prestart: portfolio@0.1.0
8 silly lifecycle portfolio@0.1.0~prestart: no script for prestart, continuing
9 info lifecycle portfolio@0.1.0~start: portfolio@0.1.0
10 verbose lifecycle portfolio@0.1.0~start: unsafe-perm in lifecycle true
11 verbose lifecycle portfolio@0.1.0~start: PATH: /usr/share/npm/bin/node-gyp-bin:/home/shekhar/git-portfolio/portfolio/node_modules/.bin:/home/shekhar/bin:/home/shekhar/.local/bin:/home/shekhar/bin:/home/shekhar/.local/bin:/usr/local/sbin:/usr/local/bin:/usr/sbin:/usr/bin:/sbin:/bin:/usr/games:/usr/local/games:/snap/bin
12 verbose lifecycle portfolio@0.1.0~start: CWD: /home/shekhar/git-portfolio/portfolio
13 silly lifecycle portfolio@0.1.0~start: Args: [ '-c', 'react-scripts start' ]
14 info lifecycle portfolio@0.1.0~start: Failed to exec start script
15 verbose stack Error: portfolio@0.1.0 start: `react-scripts start`
15 verbose stack spawn ENOENT
15 verbose stack     at ChildProcess.<anonymous> (/usr/share/npm/lib/utils/spawn.js:17:16)
15 verbose stack     at emitTwo (events.js:87:13)
15 verbose stack     at ChildProcess.emit (events.js:172:7)
15 verbose stack     at maybeClose (internal/child_process.js:821:16)
15 verbose stack     at Process.ChildProcess._handle.onexit (internal/child_process.js:211:5)
16 verbose pkgid portfolio@0.1.0
17 verbose cwd /home/shekhar/git-portfolio/portfolio
18 error Linux 4.4.0-134-generic
19 error argv "/usr/bin/nodejs" "/usr/bin/npm" "start"
20 error node v4.2.6
21 error npm  v3.5.2
22 error file sh
23 error code ELIFECYCLE
24 error errno ENOENT
25 error syscall spawn
26 error portfolio@0.1.0 start: `react-scripts start`
26 error spawn ENOENT
27 error Failed at the portfolio@0.1.0 start script 'react-scripts start'.
27 error Make sure you have the latest version of node.js and npm installed.
27 error If you do, this is most likely a problem with the portfolio package,
27 error not with npm itself.
27 error Tell the author that this fails on your system:
27 error     react-scripts start
27 error You can get information on how to open an issue for this project with:
27 error     npm bugs portfolio
27 error Or if that isn't available, you can get their info via:
27 error     npm owner ls portfolio
27 error There is likely additional logging output above.
28 verbose exit [ 1, true ]
